This file contains any messages produced by compilers while
running configure, to aid debugging if configure makes a mistake.

It was created by configure, which was
generated by GNU Autoconf 2.69.  Invocation command line was

  $ ./configure 

## --------- ##
## Platform. ##
## --------- ##

hostname = roxane-VirtualBox
uname -m = x86_64
uname -r = 5.4.0-58-generic
uname -s = Linux
uname -v = #64-Ubuntu SMP Wed Dec 9 08:16:25 UTC 2020

/usr/bin/uname -p = unknown
/bin/uname -X     = unknown

/bin/arch              = unknown
/usr/bin/arch -k       = unknown
/usr/convex/getsysinfo = unknown
/usr/bin/hostinfo      = unknown
/bin/machine           = unknown
/usr/bin/oslevel       = unknown
/bin/universe          = unknown

PATH: /usr/local/sbin
PATH: /usr/local/bin
PATH: /usr/sbin
PATH: /usr/bin
PATH: /sbin
PATH: /bin
PATH: /usr/games
PATH: /usr/local/games
PATH: /snap/bin


## ----------- ##
## Core tests. ##
## ----------- ##

configure:2430: checking build system type
configure:2444: result: x86_64-unknown-linux-gnu
configure:2464: checking host system type
configure:2477: result: x86_64-unknown-linux-gnu
configure:2545: checking for gcc
configure:2561: found /usr/bin/gcc
configure:2572: result: gcc
configure:2801: checking for C compiler version
configure:2810: gcc --version >&5
gcc (Ubuntu 9.3.0-17ubuntu1~20.04) 9.3.0
Copyright (C) 2019 Free Software Foundation, Inc.
This is free software; see the source for copying conditions.  There is NO
warranty; not even for MERCHANTABILITY or FITNESS FOR A PARTICULAR PURPOSE.

configure:2821: $? = 0
configure:2810: gcc -v >&5
Using built-in specs.
COLLECT_GCC=gcc
COLLECT_LTO_WRAPPER=/usr/lib/gcc/x86_64-linux-gnu/9/lto-wrapper
OFFLOAD_TARGET_NAMES=nvptx-none:hsa
OFFLOAD_TARGET_DEFAULT=1
Target: x86_64-linux-gnu
Configured with: ../src/configure -v --with-pkgversion='Ubuntu 9.3.0-17ubuntu1~20.04' --with-bugurl=file:///usr/share/doc/gcc-9/README.Bugs --enable-languages=c,ada,c++,go,brig,d,fortran,objc,obj-c++,gm2 --prefix=/usr --with-gcc-major-version-only --program-suffix=-9 --program-prefix=x86_64-linux-gnu- --enable-shared --enable-linker-build-id --libexecdir=/usr/lib --without-included-gettext --enable-threads=posix --libdir=/usr/lib --enable-nls --enable-clocale=gnu --enable-libstdcxx-debug --enable-libstdcxx-time=yes --with-default-libstdcxx-abi=new --enable-gnu-unique-object --disable-vtable-verify --enable-plugin --enable-default-pie --with-system-zlib --with-target-system-zlib=auto --enable-objc-gc=auto --enable-multiarch --disable-werror --with-arch-32=i686 --with-abi=m64 --with-multilib-list=m32,m64,mx32 --enable-multilib --with-tune=generic --enable-offload-targets=nvptx-none=/build/gcc-9-HskZEa/gcc-9-9.3.0/debian/tmp-nvptx/usr,hsa --without-cuda-driver --enable-checking=release --build=x86_64-linux-gnu --host=x86_64-linux-gnu --target=x86_64-linux-gnu
Thread model: posix
gcc version 9.3.0 (Ubuntu 9.3.0-17ubuntu1~20.04) 
configure:2821: $? = 0
configure:2810: gcc -V >&5
gcc: error: unrecognized command line option '-V'
gcc: fatal error: no input files
compilation terminated.
configure:2821: $? = 1
configure:2810: gcc -qversion >&5
gcc: error: unrecognized command line option '-qversion'; did you mean '--version'?
gcc: fatal error: no input files
compilation terminated.
configure:2821: $? = 1
configure:2841: checking whether the C compiler works
configure:2863: gcc    conftest.c  >&5
configure:2867: $? = 0
configure:2915: result: yes
configure:2918: checking for C compiler default output file name
configure:2920: result: a.out
configure:2926: checking for suffix of executables
configure:2933: gcc -o conftest    conftest.c  >&5
configure:2937: $? = 0
configure:2959: result: 
configure:2981: checking whether we are cross compiling
configure:2989: gcc -o conftest    conftest.c  >&5
configure:2993: $? = 0
configure:3000: ./conftest
configure:3004: $? = 0
configure:2992: result: no
configure:2997: checking for suffix of object files
configure:3019: gcc -c   conftest.c >&5
configure:3023: $? = 0
configure:3044: result: o
configure:3048: checking whether we are using the GNU C compiler
configure:3067: gcc -c   conftest.c >&5
configure:3067: $? = 0
configure:3076: result: yes
configure:3085: checking whether gcc accepts -g
configure:3105: gcc -c -g  conftest.c >&5
configure:3105: $? = 0
configure:3146: result: yes
configure:3163: checking for gcc option to accept ISO C89
configure:3226: gcc  -c -g -O2  conftest.c >&5
configure:3226: $? = 0
configure:3239: result: none needed
configure:3259: checking for a sed that does not truncate output
configure:3323: result: /bin/sed
configure:3341: checking for grep that handles long lines and -e
configure:3399: result: /bin/grep
configure:3404: checking for egrep
configure:3466: result: /bin/grep -E
configure:3471: checking for fgrep
configure:3533: result: /bin/grep -F
configure:3568: checking for ld used by gcc
configure:3635: result: /usr/bin/ld
configure:3642: checking if the linker (/usr/bin/ld) is GNU ld
configure:3657: result: yes
configure:3669: checking for BSD- or MS-compatible name lister (nm)
configure:3718: result: /usr/bin/nm -B
configure:3836: checking the name lister (/usr/bin/nm -B) interface
configure:3874: gcc -c -g -O2  conftest.c >&5
configure:3877: /usr/bin/nm -B "conftest.o"
configure:3880: output
0000000000000000 B some_variable
configure:3850: result: BSD nm
configure:3853: checking whether ln -s works
configure:3857: result: yes
configure:3865: checking the maximum length of command line arguments
configure:3991: result: 1572864
configure:4008: checking whether the shell understands some XSI constructs
configure:4017: result: yes
configure:4021: checking whether the shell understands "+="
configure:4025: result: yes
configure:4060: checking for /usr/bin/ld option to reload object files
configure:4067: result: -r
configure:4136: checking for objdump
configure:4152: found /usr/bin/objdump
configure:4163: result: objdump
configure:4192: checking how to recognize dependent libraries
configure:4390: result: pass_all
configure:4450: checking for ar
configure:4466: found /usr/bin/ar
configure:4477: result: ar
configure:4555: checking for strip
configure:4571: found /usr/bin/strip
configure:4582: result: strip
configure:4654: checking for ranlib
configure:4670: found /usr/bin/ranlib
configure:4681: result: ranlib
configure:4771: checking command to parse /usr/bin/nm -B output from gcc object
configure:4889: gcc -c -g -O2  conftest.c >&5
configure:4892: $? = 0
configure:4896: /usr/bin/nm -B conftest.o \| sed -n -e 's/^.*[	 ]\([ABCDGIRSTW][ABCDGIRSTW]*\)[	 ][	 ]*\([_A-Za-z][_A-Za-z0-9]*\)$/\1 \2 \2/p' \> conftest.nm
configure:4899: $? = 0
configure:4953: gcc -o conftest -g -O2   conftest.c conftstm.o >&5
configure:4956: $? = 0
configure:4994: result: ok
configure:5090: gcc -c -g -O2  conftest.c >&5
configure:5093: $? = 0
configure:5803: checking how to run the C preprocessor
configure:5834: gcc -E  conftest.c
configure:5834: $? = 0
configure:5848: gcc -E  conftest.c
conftest.c:9:10: fatal error: ac_nonexistent.h: No such file or directory
    9 | #include <ac_nonexistent.h>
      |          ^~~~~~~~~~~~~~~~~~
compilation terminated.
configure:5848: $? = 1
configure: failed program was:
| /* confdefs.h */
| #define PACKAGE_NAME ""
| #define PACKAGE_TARNAME ""
| #define PACKAGE_VERSION ""
| #define PACKAGE_STRING ""
| #define PACKAGE_BUGREPORT ""
| #define PACKAGE_URL ""
| /* end confdefs.h.  */
| #include <ac_nonexistent.h>
configure:5873: result: gcc -E
configure:5893: gcc -E  conftest.c
configure:5893: $? = 0
configure:5907: gcc -E  conftest.c
conftest.c:9:10: fatal error: ac_nonexistent.h: No such file or directory
    9 | #include <ac_nonexistent.h>
      |          ^~~~~~~~~~~~~~~~~~
compilation terminated.
configure:5907: $? = 1
configure: failed program was:
| /* confdefs.h */
| #define PACKAGE_NAME ""
| #define PACKAGE_TARNAME ""
| #define PACKAGE_VERSION ""
| #define PACKAGE_STRING ""
| #define PACKAGE_BUGREPORT ""
| #define PACKAGE_URL ""
| /* end confdefs.h.  */
| #include <ac_nonexistent.h>
configure:5936: checking for ANSI C header files
configure:5956: gcc -c -g -O2  conftest.c >&5
configure:5956: $? = 0
configure:6029: gcc -o conftest -g -O2   conftest.c  >&5
configure:6029: $? = 0
configure:6029: ./conftest
configure:6029: $? = 0
configure:6040: result: yes
configure:6053: checking for sys/types.h
configure:6053: gcc -c -g -O2  conftest.c >&5
configure:6053: $? = 0
configure:6053: result: yes
configure:6053: checking for sys/stat.h
configure:6053: gcc -c -g -O2  conftest.c >&5
configure:6053: $? = 0
configure:6053: result: yes
configure:6053: checking for stdlib.h
configure:6053: gcc -c -g -O2  conftest.c >&5
configure:6053: $? = 0
configure:6053: result: yes
configure:6053: checking for string.h
configure:6053: gcc -c -g -O2  conftest.c >&5
configure:6053: $? = 0
configure:6053: result: yes
configure:6053: checking for memory.h
configure:6053: gcc -c -g -O2  conftest.c >&5
configure:6053: $? = 0
configure:6053: result: yes
configure:6053: checking for strings.h
configure:6053: gcc -c -g -O2  conftest.c >&5
configure:6053: $? = 0
configure:6053: result: yes
configure:6053: checking for inttypes.h
configure:6053: gcc -c -g -O2  conftest.c >&5
configure:6053: $? = 0
configure:6053: result: yes
configure:6053: checking for stdint.h
configure:6053: gcc -c -g -O2  conftest.c >&5
configure:6053: $? = 0
configure:6053: result: yes
configure:6053: checking for unistd.h
configure:6053: gcc -c -g -O2  conftest.c >&5
configure:6053: $? = 0
configure:6053: result: yes
configure:6067: checking for dlfcn.h
configure:6067: gcc -c -g -O2  conftest.c >&5
configure:6067: $? = 0
configure:6067: result: yes
configure:6549: checking for objdir
configure:6564: result: .libs
configure:6860: checking if gcc supports -fno-rtti -fno-exceptions
configure:6918: gcc -c -g -O2  -fno-rtti -fno-exceptions conftest.c >&5
cc1: warning: command line option '-fno-rtti' is valid for C++/D/ObjC++ but not for C
configure:6922: $? = 0
configure:6895: result: no
configure:6915: checking for gcc option to produce PIC
configure:7187: result: -fPIC -DPIC
configure:7199: checking if gcc PIC flag -fPIC -DPIC works
configure:7257: gcc -c -g -O2  -fPIC -DPIC -DPIC conftest.c >&5
configure:7261: $? = 0
configure:7234: result: yes
configure:7258: checking if gcc static flag -static works
configure:7286: result: yes
configure:7301: checking if gcc supports -c -o file.o
configure:7362: gcc -c -g -O2  -o out/conftest2.o conftest.c >&5
configure:7366: $? = 0
configure:7348: result: yes
configure:7356: checking if gcc supports -c -o file.o
configure:7403: result: yes
configure:7436: checking whether the gcc linker (/usr/bin/ld -m elf_x86_64) supports shared libraries
configure:8422: result: yes
configure:8459: checking whether -lc should be explicitly linked in
configure:8464: gcc -c -g -O2  conftest.c >&5
configure:8467: $? = 0
configure:8482: gcc -shared conftest.o  -v -Wl,-soname -Wl,conftest -o conftest 2\>\&1 \| /bin/grep  -lc  \>/dev/null 2\>\&1
configure:8485: $? = 0
configure:8497: result: no
configure:8661: checking dynamic linker characteristics
configure:9096: gcc -o conftest -g -O2   -Wl,-rpath -Wl,/foo conftest.c  >&5
configure:9096: $? = 0
configure:9314: result: GNU/Linux ld.so
configure:9416: checking how to hardcode library paths into programs
configure:9441: result: immediate
configure:9961: checking whether stripping libraries is possible
configure:9966: result: yes
configure:10001: checking if libtool supports shared libraries
configure:10003: result: yes
configure:10006: checking whether to build shared libraries
configure:10027: result: yes
configure:10030: checking whether to build static libraries
configure:10034: result: yes
configure:7381: checking for a BSD-compatible install
configure:7449: result: /usr/bin/install -c
configure:7460: checking whether build environment is sane
configure:7515: result: yes
configure:7664: checking for a thread-safe mkdir -p
configure:7703: result: /bin/mkdir -p
configure:7710: checking for gawk
configure:7740: result: no
configure:7710: checking for mawk
configure:7726: found /usr/bin/mawk
configure:7737: result: mawk
configure:7748: checking whether make sets $(MAKE)
configure:7770: result: yes
configure:7800: checking for style of include used by make
configure:7828: result: GNU
configure:7862: checking whether make supports nested variables
configure:7879: result: yes
configure:7960: checking dependency style of gcc
configure:8071: result: gcc3
configure:8137: checking for gcc
configure:8164: result: gcc
configure:8393: checking for C compiler version
configure:8402: gcc --version >&5
gcc (Ubuntu 9.3.0-17ubuntu1~20.04) 9.3.0
Copyright (C) 2019 Free Software Foundation, Inc.
This is free software; see the source for copying conditions.  There is NO
warranty; not even for MERCHANTABILITY or FITNESS FOR A PARTICULAR PURPOSE.

configure:8413: $? = 0
configure:8402: gcc -v >&5
Using built-in specs.
COLLECT_GCC=gcc
COLLECT_LTO_WRAPPER=/usr/lib/gcc/x86_64-linux-gnu/9/lto-wrapper
OFFLOAD_TARGET_NAMES=nvptx-none:hsa
OFFLOAD_TARGET_DEFAULT=1
Target: x86_64-linux-gnu
Configured with: ../src/configure -v --with-pkgversion='Ubuntu 9.3.0-17ubuntu1~20.04' --with-bugurl=file:///usr/share/doc/gcc-9/README.Bugs --enable-languages=c,ada,c++,go,brig,d,fortran,objc,obj-c++,gm2 --prefix=/usr --with-gcc-major-version-only --program-suffix=-9 --program-prefix=x86_64-linux-gnu- --enable-shared --enable-linker-build-id --libexecdir=/usr/lib --without-included-gettext --enable-threads=posix --libdir=/usr/lib --enable-nls --enable-clocale=gnu --enable-libstdcxx-debug --enable-libstdcxx-time=yes --with-default-libstdcxx-abi=new --enable-gnu-unique-object --disable-vtable-verify --enable-plugin --enable-default-pie --with-system-zlib --with-target-system-zlib=auto --enable-objc-gc=auto --enable-multiarch --disable-werror --with-arch-32=i686 --with-abi=m64 --with-multilib-list=m32,m64,mx32 --enable-multilib --with-tune=generic --enable-offload-targets=nvptx-none=/build/gcc-9-HskZEa/gcc-9-9.3.0/debian/tmp-nvptx/usr,hsa --without-cuda-driver --enable-checking=release --build=x86_64-linux-gnu --host=x86_64-linux-gnu --target=x86_64-linux-gnu
Thread model: posix
gcc version 9.3.0 (Ubuntu 9.3.0-17ubuntu1~20.04) 
configure:8413: $? = 0
configure:8402: gcc -V >&5
gcc: error: unrecognized command line option '-V'
gcc: fatal error: no input files
compilation terminated.
configure:8413: $? = 1
configure:8402: gcc -qversion >&5
gcc: error: unrecognized command line option '-qversion'; did you mean '--version'?
gcc: fatal error: no input files
compilation terminated.
configure:8413: $? = 1
configure:8417: checking whether we are using the GNU C compiler
configure:8445: result: yes
configure:8454: checking whether gcc accepts -g
configure:8515: result: yes
configure:8532: checking for gcc option to accept ISO C89
configure:8608: result: none needed
configure:8629: checking whether make sets $(MAKE)
configure:8651: result: yes
configure:8669: checking for windres
configure:8699: result: no
configure:8669: checking for linux-gnu-windres
configure:8699: result: no
configure:8712: checking for size_t
configure:8712: gcc -c -g -O2  conftest.c >&5
configure:8712: $? = 0
configure:8712: gcc -c -g -O2  conftest.c >&5
conftest.c: In function 'main':
conftest.c:59:21: error: expected expression before ')' token
   59 | if (sizeof ((size_t)))
      |                     ^
configure:8712: $? = 1
configure: failed program was:
| /* confdefs.h */
| #define PACKAGE_NAME ""
| #define PACKAGE_TARNAME ""
| #define PACKAGE_VERSION ""
| #define PACKAGE_STRING ""
| #define PACKAGE_BUGREPORT ""
| #define PACKAGE_URL ""
| #define STDC_HEADERS 1
| #define HAVE_SYS_TYPES_H 1
| #define HAVE_SYS_STAT_H 1
| #define HAVE_STDLIB_H 1
| #define HAVE_STRING_H 1
| #define HAVE_MEMORY_H 1
| #define HAVE_STRINGS_H 1
| #define HAVE_INTTYPES_H 1
| #define HAVE_STDINT_H 1
| #define HAVE_UNISTD_H 1
| #define HAVE_DLFCN_H 1
| #define LT_OBJDIR ".libs/"
| #define PACKAGE "SDL2_ttf"
| #define VERSION "2.0.14"
| /* end confdefs.h.  */
| #include <stdio.h>
| #ifdef HAVE_SYS_TYPES_H
| # include <sys/types.h>
| #endif
| #ifdef HAVE_SYS_STAT_H
| # include <sys/stat.h>
| #endif
| #ifdef STDC_HEADERS
| # include <stdlib.h>
| # include <stddef.h>
| #else
| # ifdef HAVE_STDLIB_H
| #  include <stdlib.h>
| # endif
| #endif
| #ifdef HAVE_STRING_H
| # if !defined STDC_HEADERS && defined HAVE_MEMORY_H
| #  include <memory.h>
| # endif
| # include <string.h>
| #endif
| #ifdef HAVE_STRINGS_H
| # include <strings.h>
| #endif
| #ifdef HAVE_INTTYPES_H
| # include <inttypes.h>
| #endif
| #ifdef HAVE_STDINT_H
| # include <stdint.h>
| #endif
| #ifdef HAVE_UNISTD_H
| # include <unistd.h>
| #endif
| int
| main ()
| {
| if (sizeof ((size_t)))
| 	    return 0;
|   ;
|   return 0;
| }
configure:8712: result: yes
configure:8725: checking for working alloca.h
configure:8742: gcc -o conftest -g -O2   conftest.c  >&5
configure:8742: $? = 0
configure:8750: result: yes
configure:8758: checking for alloca
configure:8795: gcc -o conftest -g -O2   conftest.c  >&5
configure:8795: $? = 0
configure:8803: result: yes
configure:8972: checking for freetype-config
configure:9003: result: no
configure:9013: error: 
*** Unable to find FreeType2 library (http://www.freetype.org/)


## ---------------- ##
## Cache variables. ##
## ---------------- ##

ac_cv_build=x86_64-unknown-linux-gnu
ac_cv_c_compiler_gnu=yes
ac_cv_env_CC_set=
ac_cv_env_CC_value=
ac_cv_env_CFLAGS_set=
ac_cv_env_CFLAGS_value=
ac_cv_env_CPPFLAGS_set=
ac_cv_env_CPPFLAGS_value=
ac_cv_env_CPP_set=
ac_cv_env_CPP_value=
ac_cv_env_LDFLAGS_set=
ac_cv_env_LDFLAGS_value=
ac_cv_env_LIBS_set=
ac_cv_env_LIBS_value=
ac_cv_env_PKG_CONFIG_set=
ac_cv_env_PKG_CONFIG_value=
ac_cv_env_SDL_CFLAGS_set=
ac_cv_env_SDL_CFLAGS_value=
ac_cv_env_SDL_LIBS_set=
ac_cv_env_SDL_LIBS_value=
ac_cv_env_XMKMF_set=
ac_cv_env_XMKMF_value=
ac_cv_env_build_alias_set=
ac_cv_env_build_alias_value=
ac_cv_env_host_alias_set=
ac_cv_env_host_alias_value=
ac_cv_env_target_alias_set=
ac_cv_env_target_alias_value=
ac_cv_func_alloca_works=yes
ac_cv_header_dlfcn_h=yes
ac_cv_header_inttypes_h=yes
ac_cv_header_memory_h=yes
ac_cv_header_stdc=yes
ac_cv_header_stdint_h=yes
ac_cv_header_stdlib_h=yes
ac_cv_header_string_h=yes
ac_cv_header_strings_h=yes
ac_cv_header_sys_stat_h=yes
ac_cv_header_sys_types_h=yes
ac_cv_header_unistd_h=yes
ac_cv_host=x86_64-unknown-linux-gnu
ac_cv_objext=o
ac_cv_path_EGREP='/bin/grep -E'
ac_cv_path_FGREP='/bin/grep -F'
ac_cv_path_FREETYPE_CONFIG=no
ac_cv_path_GREP=/bin/grep
ac_cv_path_SED=/bin/sed
ac_cv_path_install='/usr/bin/install -c'
ac_cv_path_mkdir=/bin/mkdir
ac_cv_prog_AWK=mawk
ac_cv_prog_CPP='gcc -E'
ac_cv_prog_ac_ct_AR=ar
ac_cv_prog_ac_ct_CC=gcc
ac_cv_prog_ac_ct_OBJDUMP=objdump
ac_cv_prog_ac_ct_RANLIB=ranlib
ac_cv_prog_ac_ct_STRIP=strip
ac_cv_prog_cc_c89=
ac_cv_prog_cc_g=yes
ac_cv_prog_make_make_set=yes
ac_cv_type_size_t=yes
ac_cv_working_alloca_h=yes
am_cv_CC_dependencies_compiler_type=gcc3
am_cv_make_support_nested_variables=yes
lt_cv_deplibs_check_method=pass_all
lt_cv_file_magic_cmd='$MAGIC_CMD'
lt_cv_file_magic_test_file=
lt_cv_ld_reload_flag=-r
lt_cv_nm_interface='BSD nm'
lt_cv_objdir=.libs
lt_cv_path_LD=/usr/bin/ld
lt_cv_path_NM='/usr/bin/nm -B'
lt_cv_prog_compiler_c_o=yes
lt_cv_prog_compiler_pic_works=yes
lt_cv_prog_compiler_rtti_exceptions=no
lt_cv_prog_compiler_static_works=yes
lt_cv_prog_gnu_ld=yes
lt_cv_sys_global_symbol_pipe='sed -n -e '\''s/^.*[	 ]\([ABCDGIRSTW][ABCDGIRSTW]*\)[	 ][	 ]*\([_A-Za-z][_A-Za-z0-9]*\)$/\1 \2 \2/p'\'''
lt_cv_sys_global_symbol_to_c_name_address='sed -n -e '\''s/^: \([^ ]*\) $/  {\"\1\", (void *) 0},/p'\'' -e '\''s/^[ABCDGIRSTW]* \([^ ]*\) \([^ ]*\)$/  {"\2", (void *) \&\2},/p'\'''
lt_cv_sys_global_symbol_to_c_name_address_lib_prefix='sed -n -e '\''s/^: \([^ ]*\) $/  {\"\1\", (void *) 0},/p'\'' -e '\''s/^[ABCDGIRSTW]* \([^ ]*\) \(lib[^ ]*\)$/  {"\2", (void *) \&\2},/p'\'' -e '\''s/^[ABCDGIRSTW]* \([^ ]*\) \([^ ]*\)$/  {"lib\2", (void *) \&\2},/p'\'''
lt_cv_sys_global_symbol_to_cdecl='sed -n -e '\''s/^T .* \(.*\)$/extern int \1();/p'\'' -e '\''s/^[ABCDGIRSTW]* .* \(.*\)$/extern char \1;/p'\'''
lt_cv_sys_max_cmd_len=1572864

## ----------------- ##
## Output variables. ##
## ----------------- ##

ACLOCAL='${SHELL} /home/roxane/Documents/L2/ProgAv/BernardRoxane_LouppeErin/Projet/SDL2_ttf/missing aclocal-1.13'
ALLOCA=''
AMDEPBACKSLASH='\'
AMDEP_FALSE='#'
AMDEP_TRUE=''
AMTAR='$${TAR-tar}'
AM_BACKSLASH='\'
AM_DEFAULT_V='$(AM_DEFAULT_VERBOSITY)'
AM_DEFAULT_VERBOSITY='1'
AM_V='$(V)'
AR='ar'
AS='as'
AUTOCONF='${SHELL} /home/roxane/Documents/L2/ProgAv/BernardRoxane_LouppeErin/Projet/SDL2_ttf/missing autoconf'
AUTOHEADER='${SHELL} /home/roxane/Documents/L2/ProgAv/BernardRoxane_LouppeErin/Projet/SDL2_ttf/missing autoheader'
AUTOMAKE='${SHELL} /home/roxane/Documents/L2/ProgAv/BernardRoxane_LouppeErin/Projet/SDL2_ttf/missing automake-1.13'
AWK='mawk'
BINARY_AGE='14'
CC='gcc'
CCDEPMODE='depmode=gcc3'
CFLAGS='-g -O2'
CPP='gcc -E'
CPPFLAGS=''
CYGPATH_W='echo'
DEFS=''
DEPDIR='.deps'
DLLTOOL='dlltool'
DSYMUTIL=''
DUMPBIN=''
ECHO_C=''
ECHO_N='-n'
ECHO_T=''
EGREP='/bin/grep -E'
EXEEXT=''
FGREP='/bin/grep -F'
FREETYPE_CONFIG='no'
GL_LIBS=''
GREP='/bin/grep'
INSTALL_DATA='${INSTALL} -m 644'
INSTALL_PROGRAM='${INSTALL}'
INSTALL_SCRIPT='${INSTALL}'
INSTALL_STRIP_PROGRAM='$(install_sh) -c -s'
INTERFACE_AGE='0'
LD='/usr/bin/ld -m elf_x86_64'
LDFLAGS=''
LIBOBJS=''
LIBS=''
LIBTOOL='$(SHELL) $(top_builddir)/libtool'
LIPO=''
LN_S='ln -s'
LTLIBOBJS=''
LT_AGE='14'
LT_CURRENT='14'
LT_RELEASE='2.0'
LT_REVISION='0'
MAJOR_VERSION='2'
MAKEINFO='${SHELL} /home/roxane/Documents/L2/ProgAv/BernardRoxane_LouppeErin/Projet/SDL2_ttf/missing makeinfo'
MATHLIB=''
MICRO_VERSION='14'
MINOR_VERSION='0'
MKDIR_P='/bin/mkdir -p'
NM='/usr/bin/nm -B'
NMEDIT=''
OBJDUMP='objdump'
OBJEXT='o'
OTOOL64=''
OTOOL=''
PACKAGE='SDL2_ttf'
PACKAGE_BUGREPORT=''
PACKAGE_NAME=''
PACKAGE_STRING=''
PACKAGE_TARNAME=''
PACKAGE_URL=''
PACKAGE_VERSION=''
PATH_SEPARATOR=':'
PKG_CONFIG=''
RANLIB='ranlib'
SDL2_CONFIG=''
SDL_CFLAGS=''
SDL_LIBS=''
SDL_VERSION=''
SED='/bin/sed'
SET_MAKE=''
SHELL='/bin/bash'
STRIP='strip'
USE_VERSION_RC_FALSE=''
USE_VERSION_RC_TRUE='#'
VERSION='2.0.14'
WINDRES=''
XMKMF=''
X_CFLAGS=''
X_EXTRA_LIBS=''
X_LIBS=''
X_PRE_LIBS=''
ac_ct_CC='gcc'
ac_ct_DUMPBIN=''
am__EXEEXT_FALSE=''
am__EXEEXT_TRUE=''
am__fastdepCC_FALSE='#'
am__fastdepCC_TRUE=''
am__include='include'
am__isrc=''
am__leading_dot='.'
am__nodep='_no'
am__quote=''
am__tar='$${TAR-tar} chof - "$$tardir"'
am__untar='$${TAR-tar} xf -'
bindir='${exec_prefix}/bin'
build='x86_64-unknown-linux-gnu'
build_alias=''
build_cpu='x86_64'
build_os='linux-gnu'
build_vendor='unknown'
datadir='${datarootdir}'
datarootdir='${prefix}/share'
docdir='${datarootdir}/doc/${PACKAGE}'
dvidir='${docdir}'
exec_prefix='NONE'
host='x86_64-unknown-linux-gnu'
host_alias=''
host_cpu='x86_64'
host_os='linux-gnu'
host_vendor='unknown'
htmldir='${docdir}'
includedir='${prefix}/include'
infodir='${datarootdir}/info'
install_sh='${SHELL} /home/roxane/Documents/L2/ProgAv/BernardRoxane_LouppeErin/Projet/SDL2_ttf/install-sh'
libdir='${exec_prefix}/lib'
libexecdir='${exec_prefix}/libexec'
localedir='${datarootdir}/locale'
localstatedir='${prefix}/var'
lt_ECHO='echo'
mandir='${datarootdir}/man'
mkdir_p='$(MKDIR_P)'
oldincludedir='/usr/include'
pdfdir='${docdir}'
prefix='NONE'
program_transform_name='s,x,x,'
psdir='${docdir}'
sbindir='${exec_prefix}/sbin'
sharedstatedir='${prefix}/com'
sysconfdir='${prefix}/etc'
target_alias=''

## ----------- ##
## confdefs.h. ##
## ----------- ##

/* confdefs.h */
#define PACKAGE_NAME ""
#define PACKAGE_TARNAME ""
#define PACKAGE_VERSION ""
#define PACKAGE_STRING ""
#define PACKAGE_BUGREPORT ""
#define PACKAGE_URL ""
#define STDC_HEADERS 1
#define HAVE_SYS_TYPES_H 1
#define HAVE_SYS_STAT_H 1
#define HAVE_STDLIB_H 1
#define HAVE_STRING_H 1
#define HAVE_MEMORY_H 1
#define HAVE_STRINGS_H 1
#define HAVE_INTTYPES_H 1
#define HAVE_STDINT_H 1
#define HAVE_UNISTD_H 1
#define HAVE_DLFCN_H 1
#define LT_OBJDIR ".libs/"
#define PACKAGE "SDL2_ttf"
#define VERSION "2.0.14"
#define HAVE_ALLOCA_H 1
#define HAVE_ALLOCA 1

configure: exit 1
