This file contains any messages produced by compilers while
running configure, to aid debugging if configure makes a mistake.

It was created by configure, which was
generated by GNU Autoconf 2.61.  Invocation command line was

  $ ./configure 

## --------- ##
## Platform. ##
## --------- ##

hostname = roxane-VirtualBox
uname -m = x86_64
uname -r = 5.4.0-58-generic
uname -s = Linux
uname -v = #64-Ubuntu SMP Wed Dec 9 08:16:25 UTC 2020

/usr/bin/uname -p = unknown
/bin/uname -X     = unknown

/bin/arch              = unknown
/usr/bin/arch -k       = unknown
/usr/convex/getsysinfo = unknown
/usr/bin/hostinfo      = unknown
/bin/machine           = unknown
/usr/bin/oslevel       = unknown
/bin/universe          = unknown

PATH: /usr/local/sbin
PATH: /usr/local/bin
PATH: /usr/sbin
PATH: /usr/bin
PATH: /sbin
PATH: /bin
PATH: /usr/games
PATH: /usr/local/games
PATH: /snap/bin


## ----------- ##
## Core tests. ##
## ----------- ##

configure:2034: checking build system type
configure:2052: result: x86_64-unknown-linux-gnu
configure:2074: checking host system type
configure:2089: result: x86_64-unknown-linux-gnu
configure:2159: checking for gcc
configure:2175: found /usr/bin/gcc
configure:2186: result: gcc
configure:2424: checking for C compiler version
configure:2431: gcc --version >&5
gcc (Ubuntu 9.3.0-17ubuntu1~20.04) 9.3.0
Copyright (C) 2019 Free Software Foundation, Inc.
This is free software; see the source for copying conditions.  There is NO
warranty; not even for MERCHANTABILITY or FITNESS FOR A PARTICULAR PURPOSE.

configure:2434: $? = 0
configure:2441: gcc -v >&5
Using built-in specs.
COLLECT_GCC=gcc
COLLECT_LTO_WRAPPER=/usr/lib/gcc/x86_64-linux-gnu/9/lto-wrapper
OFFLOAD_TARGET_NAMES=nvptx-none:hsa
OFFLOAD_TARGET_DEFAULT=1
Target: x86_64-linux-gnu
Configured with: ../src/configure -v --with-pkgversion='Ubuntu 9.3.0-17ubuntu1~20.04' --with-bugurl=file:///usr/share/doc/gcc-9/README.Bugs --enable-languages=c,ada,c++,go,brig,d,fortran,objc,obj-c++,gm2 --prefix=/usr --with-gcc-major-version-only --program-suffix=-9 --program-prefix=x86_64-linux-gnu- --enable-shared --enable-linker-build-id --libexecdir=/usr/lib --without-included-gettext --enable-threads=posix --libdir=/usr/lib --enable-nls --enable-clocale=gnu --enable-libstdcxx-debug --enable-libstdcxx-time=yes --with-default-libstdcxx-abi=new --enable-gnu-unique-object --disable-vtable-verify --enable-plugin --enable-default-pie --with-system-zlib --with-target-system-zlib=auto --enable-objc-gc=auto --enable-multiarch --disable-werror --with-arch-32=i686 --with-abi=m64 --with-multilib-list=m32,m64,mx32 --enable-multilib --with-tune=generic --enable-offload-targets=nvptx-none=/build/gcc-9-HskZEa/gcc-9-9.3.0/debian/tmp-nvptx/usr,hsa --without-cuda-driver --enable-checking=release --build=x86_64-linux-gnu --host=x86_64-linux-gnu --target=x86_64-linux-gnu
Thread model: posix
gcc version 9.3.0 (Ubuntu 9.3.0-17ubuntu1~20.04) 
configure:2444: $? = 0
configure:2451: gcc -V >&5
gcc: error: unrecognized command line option '-V'
gcc: fatal error: no input files
compilation terminated.
configure:2454: $? = 1
configure:2477: checking for C compiler default output file name
configure:2504: gcc    conftest.c  >&5
configure:2507: $? = 0
configure:2545: result: a.out
configure:2562: checking whether the C compiler works
configure:2572: ./a.out
configure:2575: $? = 0
configure:2592: result: yes
configure:2599: checking whether we are cross compiling
configure:2601: result: no
configure:2604: checking for suffix of executables
configure:2611: gcc -o conftest    conftest.c  >&5
configure:2614: $? = 0
configure:2638: result: 
configure:2644: checking for suffix of object files
configure:2670: gcc -c   conftest.c >&5
configure:2673: $? = 0
configure:2696: result: o
configure:2700: checking whether we are using the GNU C compiler
configure:2729: gcc -c   conftest.c >&5
configure:2735: $? = 0
configure:2752: result: yes
configure:2757: checking whether gcc accepts -g
configure:2787: gcc -c -g  conftest.c >&5
configure:2793: $? = 0
configure:2892: result: yes
configure:2909: checking for gcc option to accept ISO C89
configure:2983: gcc  -c -g -O2  conftest.c >&5
configure:2989: $? = 0
configure:3012: result: none needed
configure:3030: checking for a sed that does not truncate output
configure:3109: result: /bin/sed
configure:3127: checking for grep that handles long lines and -e
configure:3201: result: /bin/grep
configure:3206: checking for egrep
configure:3284: result: /bin/grep -E
configure:3289: checking for fgrep
configure:3367: result: /bin/grep -F
configure:3402: checking for ld used by gcc
configure:3469: result: /usr/bin/ld
configure:3478: checking if the linker (/usr/bin/ld) is GNU ld
configure:3493: result: yes
configure:3505: checking for BSD- or MS-compatible name lister (nm)
configure:3554: result: /usr/bin/nm -B
configure:3676: checking the name lister (/usr/bin/nm -B) interface
configure:3688: gcc -c -g -O2  conftest.c >&5
configure:3691: /usr/bin/nm -B "conftest.o"
configure:3694: output
0000000000000000 B some_variable
configure:3690: result: BSD nm
configure:3693: checking whether ln -s works
configure:3697: result: yes
configure:3705: checking the maximum length of command line arguments
configure:3831: result: 1572864
configure:3848: checking whether the shell understands some XSI constructs
configure:3857: result: yes
configure:3861: checking whether the shell understands "+="
configure:3865: result: yes
configure:3900: checking for /usr/bin/ld option to reload object files
configure:3907: result: -r
configure:3976: checking for objdump
configure:3992: found /usr/bin/objdump
configure:4003: result: objdump
configure:4036: checking how to recognize dependent libraries
configure:4234: result: pass_all
configure:4294: checking for ar
configure:4310: found /usr/bin/ar
configure:4321: result: ar
configure:4403: checking for strip
configure:4419: found /usr/bin/strip
configure:4430: result: strip
configure:4506: checking for ranlib
configure:4522: found /usr/bin/ranlib
configure:4533: result: ranlib
configure:4627: checking command to parse /usr/bin/nm -B output from gcc object
configure:4745: gcc -c -g -O2  conftest.c >&5
configure:4748: $? = 0
configure:4752: /usr/bin/nm -B conftest.o \| sed -n -e 's/^.*[	 ]\([ABCDGIRSTW][ABCDGIRSTW]*\)[	 ][	 ]*\([_A-Za-z][_A-Za-z0-9]*\)$/\1 \2 \2/p' \> conftest.nm
configure:4755: $? = 0
configure:4809: gcc -o conftest -g -O2   conftest.c conftstm.o >&5
configure:4812: $? = 0
configure:4850: result: ok
configure:4946: gcc -c -g -O2  conftest.c >&5
configure:4949: $? = 0
configure:5729: checking how to run the C preprocessor
configure:5769: gcc -E  conftest.c
configure:5775: $? = 0
configure:5806: gcc -E  conftest.c
conftest.c:8:10: fatal error: ac_nonexistent.h: No such file or directory
    8 | #include <ac_nonexistent.h>
      |          ^~~~~~~~~~~~~~~~~~
compilation terminated.
configure:5812: $? = 1
configure: failed program was:
| /* confdefs.h.  */
| #define PACKAGE_NAME ""
| #define PACKAGE_TARNAME ""
| #define PACKAGE_VERSION ""
| #define PACKAGE_STRING ""
| #define PACKAGE_BUGREPORT ""
| /* end confdefs.h.  */
| #include <ac_nonexistent.h>
configure:5845: result: gcc -E
configure:5874: gcc -E  conftest.c
configure:5880: $? = 0
configure:5911: gcc -E  conftest.c
conftest.c:8:10: fatal error: ac_nonexistent.h: No such file or directory
    8 | #include <ac_nonexistent.h>
      |          ^~~~~~~~~~~~~~~~~~
compilation terminated.
configure:5917: $? = 1
configure: failed program was:
| /* confdefs.h.  */
| #define PACKAGE_NAME ""
| #define PACKAGE_TARNAME ""
| #define PACKAGE_VERSION ""
| #define PACKAGE_STRING ""
| #define PACKAGE_BUGREPORT ""
| /* end confdefs.h.  */
| #include <ac_nonexistent.h>
configure:5955: checking for ANSI C header files
configure:5985: gcc -c -g -O2  conftest.c >&5
configure:5991: $? = 0
configure:6090: gcc -o conftest -g -O2   conftest.c  >&5
configure:6093: $? = 0
configure:6099: ./conftest
configure:6102: $? = 0
configure:6119: result: yes
configure:6143: checking for sys/types.h
configure:6164: gcc -c -g -O2  conftest.c >&5
configure:6170: $? = 0
configure:6186: result: yes
configure:6143: checking for sys/stat.h
configure:6164: gcc -c -g -O2  conftest.c >&5
configure:6170: $? = 0
configure:6186: result: yes
configure:6143: checking for stdlib.h
configure:6164: gcc -c -g -O2  conftest.c >&5
configure:6170: $? = 0
configure:6186: result: yes
configure:6143: checking for string.h
configure:6164: gcc -c -g -O2  conftest.c >&5
configure:6170: $? = 0
configure:6186: result: yes
configure:6143: checking for memory.h
configure:6164: gcc -c -g -O2  conftest.c >&5
configure:6170: $? = 0
configure:6186: result: yes
configure:6143: checking for strings.h
configure:6164: gcc -c -g -O2  conftest.c >&5
configure:6170: $? = 0
configure:6186: result: yes
configure:6143: checking for inttypes.h
configure:6164: gcc -c -g -O2  conftest.c >&5
configure:6170: $? = 0
configure:6186: result: yes
configure:6143: checking for stdint.h
configure:6164: gcc -c -g -O2  conftest.c >&5
configure:6170: $? = 0
configure:6186: result: yes
configure:6143: checking for unistd.h
configure:6164: gcc -c -g -O2  conftest.c >&5
configure:6170: $? = 0
configure:6186: result: yes
configure:6202: checking for dlfcn.h
configure:6223: gcc -c -g -O2  conftest.c >&5
configure:6229: $? = 0
configure:6245: result: yes
configure:6739: checking for objdir
configure:6754: result: .libs
configure:7050: checking if gcc supports -fno-rtti -fno-exceptions
configure:7082: gcc -c -g -O2  -fno-rtti -fno-exceptions conftest.c >&5
cc1: warning: command line option '-fno-rtti' is valid for C++/D/ObjC++ but not for C
configure:7086: $? = 0
configure:7085: result: no
configure:7105: checking for gcc option to produce PIC
configure:7377: result: -fPIC -DPIC
configure:7389: checking if gcc PIC flag -fPIC -DPIC works
configure:7421: gcc -c -g -O2  -fPIC -DPIC -DPIC conftest.c >&5
configure:7425: $? = 0
configure:7424: result: yes
configure:7448: checking if gcc static flag -static works
configure:7476: result: yes
configure:7491: checking if gcc supports -c -o file.o
configure:7526: gcc -c -g -O2  -o out/conftest2.o conftest.c >&5
configure:7530: $? = 0
configure:7538: result: yes
configure:7546: checking if gcc supports -c -o file.o
configure:7593: result: yes
configure:7626: checking whether the gcc linker (/usr/bin/ld -m elf_x86_64) supports shared libraries
configure:8688: result: yes
configure:8725: checking whether -lc should be explicitly linked in
configure:8730: gcc -c -g -O2  conftest.c >&5
configure:8733: $? = 0
configure:8748: gcc -shared conftest.o  -v -Wl,-soname -Wl,conftest -o conftest 2\>\&1 \| /bin/grep  -lc  \>/dev/null 2\>\&1
configure:8751: $? = 0
configure:8763: result: no
configure:8927: checking dynamic linker characteristics
configure:9372: gcc -o conftest -g -O2   -Wl,-rpath -Wl,/foo conftest.c  >&5
configure:9378: $? = 0
configure:9608: result: GNU/Linux ld.so
configure:9710: checking how to hardcode library paths into programs
configure:9735: result: immediate
configure:10540: checking whether stripping libraries is possible
configure:10545: result: yes
configure:10580: checking if libtool supports shared libraries
configure:10582: result: yes
configure:10585: checking whether to build shared libraries
configure:10606: result: yes
configure:10609: checking whether to build static libraries
configure:10613: result: yes
configure:7553: checking host system type
configure:7568: result: x86_64-unknown-linux-gnu
configure:7606: checking for a BSD-compatible install
configure:7662: result: /usr/bin/install -c
configure:7673: checking whether build environment is sane
configure:7716: result: yes
configure:7744: checking for a thread-safe mkdir -p
configure:7783: result: /bin/mkdir -p
configure:7796: checking for gawk
configure:7826: result: no
configure:7796: checking for mawk
configure:7812: found /usr/bin/mawk
configure:7823: result: mawk
configure:7834: checking whether make sets $(MAKE)
configure:7855: result: yes
configure:7885: checking for style of include used by make
configure:7913: result: GNU
configure:8106: checking dependency style of gcc
configure:8197: result: gcc3
configure:8263: checking for gcc
configure:8290: result: gcc
configure:8528: checking for C compiler version
configure:8535: gcc --version >&5
gcc (Ubuntu 9.3.0-17ubuntu1~20.04) 9.3.0
Copyright (C) 2019 Free Software Foundation, Inc.
This is free software; see the source for copying conditions.  There is NO
warranty; not even for MERCHANTABILITY or FITNESS FOR A PARTICULAR PURPOSE.

configure:8538: $? = 0
configure:8545: gcc -v >&5
Using built-in specs.
COLLECT_GCC=gcc
COLLECT_LTO_WRAPPER=/usr/lib/gcc/x86_64-linux-gnu/9/lto-wrapper
OFFLOAD_TARGET_NAMES=nvptx-none:hsa
OFFLOAD_TARGET_DEFAULT=1
Target: x86_64-linux-gnu
Configured with: ../src/configure -v --with-pkgversion='Ubuntu 9.3.0-17ubuntu1~20.04' --with-bugurl=file:///usr/share/doc/gcc-9/README.Bugs --enable-languages=c,ada,c++,go,brig,d,fortran,objc,obj-c++,gm2 --prefix=/usr --with-gcc-major-version-only --program-suffix=-9 --program-prefix=x86_64-linux-gnu- --enable-shared --enable-linker-build-id --libexecdir=/usr/lib --without-included-gettext --enable-threads=posix --libdir=/usr/lib --enable-nls --enable-clocale=gnu --enable-libstdcxx-debug --enable-libstdcxx-time=yes --with-default-libstdcxx-abi=new --enable-gnu-unique-object --disable-vtable-verify --enable-plugin --enable-default-pie --with-system-zlib --with-target-system-zlib=auto --enable-objc-gc=auto --enable-multiarch --disable-werror --with-arch-32=i686 --with-abi=m64 --with-multilib-list=m32,m64,mx32 --enable-multilib --with-tune=generic --enable-offload-targets=nvptx-none=/build/gcc-9-HskZEa/gcc-9-9.3.0/debian/tmp-nvptx/usr,hsa --without-cuda-driver --enable-checking=release --build=x86_64-linux-gnu --host=x86_64-linux-gnu --target=x86_64-linux-gnu
Thread model: posix
gcc version 9.3.0 (Ubuntu 9.3.0-17ubuntu1~20.04) 
configure:8548: $? = 0
configure:8555: gcc -V >&5
gcc: error: unrecognized command line option '-V'
gcc: fatal error: no input files
compilation terminated.
configure:8558: $? = 1
configure:8561: checking whether we are using the GNU C compiler
configure:8613: result: yes
configure:8618: checking whether gcc accepts -g
configure:8753: result: yes
configure:8770: checking for gcc option to accept ISO C89
configure:8873: result: none needed
configure:8904: checking for a BSD-compatible install
configure:8960: result: /usr/bin/install -c
configure:8971: checking whether make sets $(MAKE)
configure:8992: result: yes
configure:9010: checking for windres
configure:9040: result: no
configure:9010: checking for linux-gnu-windres
configure:9040: result: no
configure:9055: checking for working alloca.h
configure:9082: gcc -o conftest -g -O2   conftest.c  >&5
configure:9088: $? = 0
configure:9105: result: yes
configure:9115: checking for alloca
configure:9162: gcc -o conftest -g -O2   conftest.c  >&5
configure:9168: $? = 0
configure:9185: result: yes
configure:9476: checking for freetype-config
configure:9507: result: no
configure:9519: error:
*** Unable to find FreeType2 library (http://www.freetype.org/)


## ---------------- ##
## Cache variables. ##
## ---------------- ##

ac_cv_build=x86_64-unknown-linux-gnu
ac_cv_c_compiler_gnu=yes
ac_cv_env_CC_set=
ac_cv_env_CC_value=
ac_cv_env_CFLAGS_set=
ac_cv_env_CFLAGS_value=
ac_cv_env_CPPFLAGS_set=
ac_cv_env_CPPFLAGS_value=
ac_cv_env_CPP_set=
ac_cv_env_CPP_value=
ac_cv_env_LDFLAGS_set=
ac_cv_env_LDFLAGS_value=
ac_cv_env_LIBS_set=
ac_cv_env_LIBS_value=
ac_cv_env_PKG_CONFIG_set=
ac_cv_env_PKG_CONFIG_value=
ac_cv_env_SDL_CFLAGS_set=
ac_cv_env_SDL_CFLAGS_value=
ac_cv_env_SDL_LIBS_set=
ac_cv_env_SDL_LIBS_value=
ac_cv_env_XMKMF_set=
ac_cv_env_XMKMF_value=
ac_cv_env_build_alias_set=
ac_cv_env_build_alias_value=
ac_cv_env_host_alias_set=
ac_cv_env_host_alias_value=
ac_cv_env_target_alias_set=
ac_cv_env_target_alias_value=
ac_cv_func_alloca_works=yes
ac_cv_header_dlfcn_h=yes
ac_cv_header_inttypes_h=yes
ac_cv_header_memory_h=yes
ac_cv_header_stdc=yes
ac_cv_header_stdint_h=yes
ac_cv_header_stdlib_h=yes
ac_cv_header_string_h=yes
ac_cv_header_strings_h=yes
ac_cv_header_sys_stat_h=yes
ac_cv_header_sys_types_h=yes
ac_cv_header_unistd_h=yes
ac_cv_host=x86_64-unknown-linux-gnu
ac_cv_objext=o
ac_cv_path_EGREP='/bin/grep -E'
ac_cv_path_FGREP='/bin/grep -F'
ac_cv_path_FREETYPE_CONFIG=no
ac_cv_path_GREP=/bin/grep
ac_cv_path_SED=/bin/sed
ac_cv_path_install='/usr/bin/install -c'
ac_cv_path_mkdir=/bin/mkdir
ac_cv_prog_AWK=mawk
ac_cv_prog_CPP='gcc -E'
ac_cv_prog_ac_ct_AR=ar
ac_cv_prog_ac_ct_CC=gcc
ac_cv_prog_ac_ct_OBJDUMP=objdump
ac_cv_prog_ac_ct_RANLIB=ranlib
ac_cv_prog_ac_ct_STRIP=strip
ac_cv_prog_cc_c89=
ac_cv_prog_cc_g=yes
ac_cv_prog_make_make_set=yes
ac_cv_working_alloca_h=yes
am_cv_CC_dependencies_compiler_type=gcc3
lt_cv_deplibs_check_method=pass_all
lt_cv_file_magic_cmd='$MAGIC_CMD'
lt_cv_file_magic_test_file=
lt_cv_ld_reload_flag=-r
lt_cv_nm_interface='BSD nm'
lt_cv_objdir=.libs
lt_cv_path_LD=/usr/bin/ld
lt_cv_path_NM='/usr/bin/nm -B'
lt_cv_prog_compiler_c_o=yes
lt_cv_prog_compiler_pic_works=yes
lt_cv_prog_compiler_rtti_exceptions=no
lt_cv_prog_compiler_static_works=yes
lt_cv_prog_gnu_ld=yes
lt_cv_sys_global_symbol_pipe='sed -n -e '\''s/^.*[	 ]\([ABCDGIRSTW][ABCDGIRSTW]*\)[	 ][	 ]*\([_A-Za-z][_A-Za-z0-9]*\)$/\1 \2 \2/p'\'''
lt_cv_sys_global_symbol_to_c_name_address='sed -n -e '\''s/^: \([^ ]*\) $/  {\"\1\", (void *) 0},/p'\'' -e '\''s/^[ABCDGIRSTW]* \([^ ]*\) \([^ ]*\)$/  {"\2", (void *) \&\2},/p'\'''
lt_cv_sys_global_symbol_to_c_name_address_lib_prefix='sed -n -e '\''s/^: \([^ ]*\) $/  {\"\1\", (void *) 0},/p'\'' -e '\''s/^[ABCDGIRSTW]* \([^ ]*\) \(lib[^ ]*\)$/  {"\2", (void *) \&\2},/p'\'' -e '\''s/^[ABCDGIRSTW]* \([^ ]*\) \([^ ]*\)$/  {"lib\2", (void *) \&\2},/p'\'''
lt_cv_sys_global_symbol_to_cdecl='sed -n -e '\''s/^T .* \(.*\)$/extern int \1();/p'\'' -e '\''s/^[ABCDGIRSTW]* .* \(.*\)$/extern char \1;/p'\'''
lt_cv_sys_max_cmd_len=1572864

## ----------------- ##
## Output variables. ##
## ----------------- ##

ACLOCAL='${SHELL} /home/roxane/Documents/L2/ProgAv/BernardRoxane_LouppeErin/Projet/SDL_ttf/missing --run aclocal-1.10'
ALLOCA=''
AMDEPBACKSLASH='\'
AMDEP_FALSE='#'
AMDEP_TRUE=''
AMTAR='${SHELL} /home/roxane/Documents/L2/ProgAv/BernardRoxane_LouppeErin/Projet/SDL_ttf/missing --run tar'
AR='ar'
AS='as'
AUTOCONF='${SHELL} /home/roxane/Documents/L2/ProgAv/BernardRoxane_LouppeErin/Projet/SDL_ttf/missing --run autoconf'
AUTOHEADER='${SHELL} /home/roxane/Documents/L2/ProgAv/BernardRoxane_LouppeErin/Projet/SDL_ttf/missing --run autoheader'
AUTOMAKE='${SHELL} /home/roxane/Documents/L2/ProgAv/BernardRoxane_LouppeErin/Projet/SDL_ttf/missing --run automake-1.10'
AWK='mawk'
BINARY_AGE='11'
CC='gcc'
CCDEPMODE='depmode=gcc3'
CFLAGS='-g -O2'
CPP='gcc -E'
CPPFLAGS=''
CYGPATH_W='echo'
DEFS=''
DEPDIR='.deps'
DLLTOOL='dlltool'
DSYMUTIL=''
DUMPBIN=''
ECHO_C=''
ECHO_N='-n'
ECHO_T=''
EGREP='/bin/grep -E'
EXEEXT=''
FGREP='/bin/grep -F'
FREETYPE_CONFIG='no'
GL_LIBS=''
GREP='/bin/grep'
INSTALL_DATA='${INSTALL} -m 644'
INSTALL_PROGRAM='${INSTALL}'
INSTALL_SCRIPT='${INSTALL}'
INSTALL_STRIP_PROGRAM='$(install_sh) -c -s'
INTERFACE_AGE='1'
LD='/usr/bin/ld -m elf_x86_64'
LDFLAGS=''
LIBOBJS=''
LIBS=''
LIBTOOL='$(SHELL) $(top_builddir)/libtool'
LIPO=''
LN_S='ln -s'
LTLIBOBJS=''
LT_AGE='10'
LT_CURRENT='10'
LT_RELEASE='2.0'
LT_REVISION='1'
MAJOR_VERSION='2'
MAKEINFO='${SHELL} /home/roxane/Documents/L2/ProgAv/BernardRoxane_LouppeErin/Projet/SDL_ttf/missing --run makeinfo'
MATHLIB=''
MICRO_VERSION='11'
MINOR_VERSION='0'
NM='/usr/bin/nm -B'
NMEDIT=''
OBJDUMP='objdump'
OBJEXT='o'
OTOOL64=''
OTOOL=''
PACKAGE='SDL_ttf'
PACKAGE_BUGREPORT=''
PACKAGE_NAME=''
PACKAGE_STRING=''
PACKAGE_TARNAME=''
PACKAGE_VERSION=''
PATH_SEPARATOR=':'
PKG_CONFIG=''
RANLIB='ranlib'
SDL_CFLAGS=''
SDL_CONFIG=''
SDL_LIBS=''
SDL_VERSION=''
SED='/bin/sed'
SET_MAKE=''
SHELL='/bin/bash'
STRIP='strip'
USE_VERSION_RC_FALSE=''
USE_VERSION_RC_TRUE='#'
VERSION='2.0.11'
WINDRES=''
XMKMF=''
X_CFLAGS=''
X_EXTRA_LIBS=''
X_LIBS=''
X_PRE_LIBS=''
ac_ct_CC='gcc'
ac_ct_DUMPBIN=''
am__fastdepCC_FALSE='#'
am__fastdepCC_TRUE=''
am__include='include'
am__isrc=''
am__leading_dot='.'
am__quote=''
am__tar='${AMTAR} chof - "$$tardir"'
am__untar='${AMTAR} xf -'
bindir='${exec_prefix}/bin'
build='x86_64-unknown-linux-gnu'
build_alias=''
build_cpu='x86_64'
build_os='linux-gnu'
build_vendor='unknown'
datadir='${datarootdir}'
datarootdir='${prefix}/share'
docdir='${datarootdir}/doc/${PACKAGE}'
dvidir='${docdir}'
exec_prefix='NONE'
host='x86_64-unknown-linux-gnu'
host_alias=''
host_cpu='x86_64'
host_os='linux-gnu'
host_vendor='unknown'
htmldir='${docdir}'
includedir='${prefix}/include'
infodir='${datarootdir}/info'
install_sh='$(SHELL) /home/roxane/Documents/L2/ProgAv/BernardRoxane_LouppeErin/Projet/SDL_ttf/install-sh'
libdir='${exec_prefix}/lib'
libexecdir='${exec_prefix}/libexec'
localedir='${datarootdir}/locale'
localstatedir='${prefix}/var'
lt_ECHO='echo'
mandir='${datarootdir}/man'
mkdir_p='/bin/mkdir -p'
oldincludedir='/usr/include'
pdfdir='${docdir}'
prefix='NONE'
program_transform_name='s,x,x,'
psdir='${docdir}'
sbindir='${exec_prefix}/sbin'
sharedstatedir='${prefix}/com'
sysconfdir='${prefix}/etc'
target_alias=''

## ----------- ##
## confdefs.h. ##
## ----------- ##

#define PACKAGE_NAME ""
#define PACKAGE_TARNAME ""
#define PACKAGE_VERSION ""
#define PACKAGE_STRING ""
#define PACKAGE_BUGREPORT ""
#define STDC_HEADERS 1
#define HAVE_SYS_TYPES_H 1
#define HAVE_SYS_STAT_H 1
#define HAVE_STDLIB_H 1
#define HAVE_STRING_H 1
#define HAVE_MEMORY_H 1
#define HAVE_STRINGS_H 1
#define HAVE_INTTYPES_H 1
#define HAVE_STDINT_H 1
#define HAVE_UNISTD_H 1
#define HAVE_DLFCN_H 1
#define LT_OBJDIR ".libs/"
#define PACKAGE "SDL_ttf"
#define VERSION "2.0.11"
#define HAVE_ALLOCA_H 1
#define HAVE_ALLOCA 1

configure: exit 1
